<?xml version="1.0" encoding="UTF-8"?>
<!-- Generated by org.testng.reporters.JUnitReportReporter -->
<testsuite hostname="SyedAdnan-07" failures="0" tests="1" name="test_jenkins.KtmTest" time="15.124" errors="0" timestamp="2022-12-08T13:16:47 IST" skipped="0">
  <testcase classname="test_jenkins.KtmTest" name="ktm" time="15.124"/>
  <system-out/>
</testsuite> <!-- test_jenkins.KtmTest -->
