<?xml version="1.0" encoding="UTF-8"?>
<!-- Generated by org.testng.reporters.JUnitReportReporter -->
<testsuite hostname="SyedAdnan-07" failures="0" tests="1" name="test_jenkins.browseropen" time="3.394" errors="0" timestamp="2022-12-08T12:42:56 IST" skipped="0">
  <testcase classname="test_jenkins.browseropen" name="ktm" time="3.394"/>
  <system-out/>
</testsuite> <!-- test_jenkins.browseropen -->
