<?xml version="1.0" encoding="UTF-8"?>
<!-- Generated by org.testng.reporters.JUnitReportReporter -->
<testsuite hostname="SyedAdnan-07" failures="0" tests="1" name="test_jenkins.browseropenTest" time="3.877" errors="0" timestamp="2022-12-12T12:47:28 IST" skipped="0">
  <testcase classname="test_jenkins.browseropenTest" name="ktm" time="3.877"/>
  <system-out/>
</testsuite> <!-- test_jenkins.browseropenTest -->
